<?xml version="1.0" encoding="utf-8"?>
<TestRun id="77152398-728a-4c7a-95da-7132e3703e05" name="Utilizador@DESKTOP-PD528C3 2023-02-16 00:16:49" runUser="DESKTOP-PD528C3\Utilizador">
  <Times creation="2023-02-16T00:16:49.9141992+00:00" queuing="2023-02-16T00:16:49.9141996+00:00" start="2023-02-16T00:16:49.1513477+00:00" finish="2023-02-16T00:16:49.9206548+00:00" />
  <TestSettings name="default" id="920c802a-45cc-4fe7-acc0-2c79efeb6a9a">
    <Deployment runDeploymentRoot="Utilizador_DESKTOP-PD528C3_2023-02-16_00_16_49" />
  </TestSettings>
  <Results>
    <UnitTestResult executionId="7d825094-6665-4256-90fb-f850c5a6ec83" testId="5fc5a8c1-01a1-43b9-830f-95731589cfe4" testName="SimpleNumberCompare (2,2)" computerName="DESKTOP-PD528C3" duration="00:00:00.0000251" startTime="2023-02-16T00:16:49.7624076+00:00" endTime="2023-02-16T00:16:49.7626159+00:00" testType="13cdc9d9-ddb5-4fa4-a97d-d965ccfc6d4b" outcome="Passed" testListId="8c84fa94-04c1-424b-9868-57a2d4851a1d" relativeResultsDirectory="7d825094-6665-4256-90fb-f850c5a6ec83" />
    <UnitTestResult executionId="40f5e55d-84d6-49e3-b37f-471af92edc35" testId="05180fd2-a44e-4ad0-b591-1cbf83011db0" testName="SimpleNumberCompare (1,1)" computerName="DESKTOP-PD528C3" duration="00:00:00.0049274" startTime="2023-02-16T00:16:49.7338654+00:00" endTime="2023-02-16T00:16:49.7553754+00:00" testType="13cdc9d9-ddb5-4fa4-a97d-d965ccfc6d4b" outcome="Passed" testListId="8c84fa94-04c1-424b-9868-57a2d4851a1d" relativeResultsDirectory="40f5e55d-84d6-49e3-b37f-471af92edc35" />
    <UnitTestResult executionId="882f1314-bdaf-4bb0-9f26-f07beee3a52c" testId="45834369-275b-4c42-b8ef-ee9638a31600" testName="SimpleStringCompare" computerName="DESKTOP-PD528C3" duration="00:00:00.0003057" startTime="2023-02-16T00:16:49.7628150+00:00" endTime="2023-02-16T00:16:49.7650103+00:00" testType="13cdc9d9-ddb5-4fa4-a97d-d965ccfc6d4b" outcome="Passed" testListId="8c84fa94-04c1-424b-9868-57a2d4851a1d" relativeResultsDirectory="882f1314-bdaf-4bb0-9f26-f07beee3a52c" />
    <UnitTestResult executionId="f8212654-5e20-4504-a537-ac507e700631" testId="52cf4daa-76ac-4bc9-9860-20e224fd7171" testName="SimpleNumberCompare (4,4)" computerName="DESKTOP-PD528C3" duration="00:00:00.0000029" startTime="2023-02-16T00:16:49.7627360+00:00" endTime="2023-02-16T00:16:49.7627988+00:00" testType="13cdc9d9-ddb5-4fa4-a97d-d965ccfc6d4b" outcome="Passed" testListId="8c84fa94-04c1-424b-9868-57a2d4851a1d" relativeResultsDirectory="f8212654-5e20-4504-a537-ac507e700631" />
    <UnitTestResult executionId="9d1afa9c-daa5-4201-ad6d-f1458b164df2" testId="22dabcdc-29ad-4e28-8a7a-8c2bdb0bf9f8" testName="SimpleNumberCompare (3,3)" computerName="DESKTOP-PD528C3" duration="00:00:00.0000031" startTime="2023-02-16T00:16:49.7626585+00:00" endTime="2023-02-16T00:16:49.7627172+00:00" testType="13cdc9d9-ddb5-4fa4-a97d-d965ccfc6d4b" outcome="Passed" testListId="8c84fa94-04c1-424b-9868-57a2d4851a1d" relativeResultsDirectory="9d1afa9c-daa5-4201-ad6d-f1458b164df2" />
  </Results>
  <TestDefinitions>
    <UnitTest name="SimpleNumberCompare (3,3)" storage="c:\users\utilizador\riderprojects\testsolution\mstestexample\bin\debug\net6.0\mstestexample.dll" id="22dabcdc-29ad-4e28-8a7a-8c2bdb0bf9f8">
      <Execution id="9d1afa9c-daa5-4201-ad6d-f1458b164df2" />
      <TestMethod codeBase="C:\Users\Utilizador\RiderProjects\TestSolution\MSTestExample\bin\Debug\net6.0\MSTestExample.dll" adapterTypeName="executor://mstestadapter/v2" className="MSTestExample.UnitTest1" name="SimpleNumberCompare" />
    </UnitTest>
    <UnitTest name="SimpleNumberCompare (2,2)" storage="c:\users\utilizador\riderprojects\testsolution\mstestexample\bin\debug\net6.0\mstestexample.dll" id="5fc5a8c1-01a1-43b9-830f-95731589cfe4">
      <Execution id="7d825094-6665-4256-90fb-f850c5a6ec83" />
      <TestMethod codeBase="C:\Users\Utilizador\RiderProjects\TestSolution\MSTestExample\bin\Debug\net6.0\MSTestExample.dll" adapterTypeName="executor://mstestadapter/v2" className="MSTestExample.UnitTest1" name="SimpleNumberCompare" />
    </UnitTest>
    <UnitTest name="SimpleNumberCompare (4,4)" storage="c:\users\utilizador\riderprojects\testsolution\mstestexample\bin\debug\net6.0\mstestexample.dll" id="52cf4daa-76ac-4bc9-9860-20e224fd7171">
      <Execution id="f8212654-5e20-4504-a537-ac507e700631" />
      <TestMethod codeBase="C:\Users\Utilizador\RiderProjects\TestSolution\MSTestExample\bin\Debug\net6.0\MSTestExample.dll" adapterTypeName="executor://mstestadapter/v2" className="MSTestExample.UnitTest1" name="SimpleNumberCompare" />
    </UnitTest>
    <UnitTest name="SimpleNumberCompare (1,1)" storage="c:\users\utilizador\riderprojects\testsolution\mstestexample\bin\debug\net6.0\mstestexample.dll" id="05180fd2-a44e-4ad0-b591-1cbf83011db0">
      <Execution id="40f5e55d-84d6-49e3-b37f-471af92edc35" />
      <TestMethod codeBase="C:\Users\Utilizador\RiderProjects\TestSolution\MSTestExample\bin\Debug\net6.0\MSTestExample.dll" adapterTypeName="executor://mstestadapter/v2" className="MSTestExample.UnitTest1" name="SimpleNumberCompare" />
    </UnitTest>
    <UnitTest name="SimpleStringCompare" storage="c:\users\utilizador\riderprojects\testsolution\mstestexample\bin\debug\net6.0\mstestexample.dll" id="45834369-275b-4c42-b8ef-ee9638a31600">
      <Execution id="882f1314-bdaf-4bb0-9f26-f07beee3a52c" />
      <TestMethod codeBase="C:\Users\Utilizador\RiderProjects\TestSolution\MSTestExample\bin\Debug\net6.0\MSTestExample.dll" adapterTypeName="executor://mstestadapter/v2" className="MSTestExample.UnitTest1" name="SimpleStringCompare" />
    </UnitTest>
  </TestDefinitions>
  <TestEntries>
    <TestEntry testId="5fc5a8c1-01a1-43b9-830f-95731589cfe4" executionId="7d825094-6665-4256-90fb-f850c5a6ec83" testListId="8c84fa94-04c1-424b-9868-57a2d4851a1d" />
    <TestEntry testId="05180fd2-a44e-4ad0-b591-1cbf83011db0" executionId="40f5e55d-84d6-49e3-b37f-471af92edc35" testListId="8c84fa94-04c1-424b-9868-57a2d4851a1d" />
    <TestEntry testId="45834369-275b-4c42-b8ef-ee9638a31600" executionId="882f1314-bdaf-4bb0-9f26-f07beee3a52c" testListId="8c84fa94-04c1-424b-9868-57a2d4851a1d" />
    <TestEntry testId="52cf4daa-76ac-4bc9-9860-20e224fd7171" executionId="f8212654-5e20-4504-a537-ac507e700631" testListId="8c84fa94-04c1-424b-9868-57a2d4851a1d" />
    <TestEntry testId="22dabcdc-29ad-4e28-8a7a-8c2bdb0bf9f8" executionId="9d1afa9c-daa5-4201-ad6d-f1458b164df2" testListId="8c84fa94-04c1-424b-9868-57a2d4851a1d" />
  </TestEntries>
  <TestLists>
    <TestList name="Results Not in a List" id="8c84fa94-04c1-424b-9868-57a2d4851a1d" />
    <TestList name="All Loaded Results" id="19431567-8539-422a-85d7-44ee4e166bda" />
  </TestLists>
  <ResultSummary outcome="Completed">
    <Counters total="5" executed="5" passed="5" failed="0" error="0" timeout="0" aborted="0" inconclusive="0" passedButRunAborted="0" notRunnable="0" notExecuted="0" disconnected="0" warning="0" completed="0" inProgress="0" pending="0" />
  </ResultSummary>
</TestRun>