<?xml version="1.0" encoding="utf-8"?>
<TestRun id="7c33048b-32a0-40fa-948a-3295098b379f" name="Utilizador@DESKTOP-PD528C3 2023-02-16 00:09:21" runUser="DESKTOP-PD528C3\Utilizador">
  <Times creation="2023-02-16T00:09:21.6135401+00:00" queuing="2023-02-16T00:09:21.6135407+00:00" start="2023-02-16T00:09:20.6050264+00:00" finish="2023-02-16T00:09:21.6242029+00:00" />
  <TestSettings name="default" id="2365afb2-0e87-453b-a9d6-38d588c1fec1">
    <Deployment runDeploymentRoot="Utilizador_DESKTOP-PD528C3_2023-02-16_00_09_21" />
  </TestSettings>
  <Results>
    <UnitTestResult executionId="35991d57-7509-47c7-a261-14c09a52df23" testId="3ade358c-328b-c90b-7c97-c25ae8a92095" testName="SimpleStringCompare()" computerName="DESKTOP-PD528C3" duration="00:00:00.0033360" startTime="2023-02-16T00:09:21.4651754+00:00" endTime="2023-02-16T00:09:21.4685111+00:00" testType="13cdc9d9-ddb5-4fa4-a97d-d965ccfc6d4b" outcome="Failed" testListId="8c84fa94-04c1-424b-9868-57a2d4851a1d" relativeResultsDirectory="35991d57-7509-47c7-a261-14c09a52df23">
      <Output>
        <ErrorInfo>
          <Message>  Expected string length 5 but was 7. Strings differ at index 5.
  Expected: "value"
  But was:  "value 2"
  ----------------^
</Message>
          <StackTrace>   at NUnitTestExample.Tests.SimpleStringCompare() in C:\Users\Utilizador\RiderProjects\TestSolution\NUnitTestExample\SimpleTest.cs:line 17
</StackTrace>
        </ErrorInfo>
      </Output>
    </UnitTestResult>
    <UnitTestResult executionId="1b5ce067-7c4f-4dbd-9563-623a037e9536" testId="7a19780d-e7f9-f73a-1dd5-32ab9aa81291" testName="SimpleNumberCompare(1,2)" computerName="DESKTOP-PD528C3" duration="00:00:00.0465950" startTime="2023-02-16T00:09:21.4145200+00:00" endTime="2023-02-16T00:09:21.4610320+00:00" testType="13cdc9d9-ddb5-4fa4-a97d-d965ccfc6d4b" outcome="Failed" testListId="8c84fa94-04c1-424b-9868-57a2d4851a1d" relativeResultsDirectory="1b5ce067-7c4f-4dbd-9563-623a037e9536">
      <Output>
        <ErrorInfo>
          <Message>  Expected: 2
  But was:  1
</Message>
          <StackTrace>   at NUnitTestExample.Tests.SimpleNumberCompare(Int32 number, Int32 expectedNumber) in C:\Users\Utilizador\RiderProjects\TestSolution\NUnitTestExample\SimpleTest.cs:line 11
</StackTrace>
        </ErrorInfo>
      </Output>
    </UnitTestResult>
    <UnitTestResult executionId="3c93e516-d47b-4afd-a931-8c499e770f15" testId="f2de63e1-a2e1-134a-f0aa-aa4933f801df" testName="SimpleNumberCompare(2,2)" computerName="DESKTOP-PD528C3" duration="00:00:00.0001760" startTime="2023-02-16T00:09:21.4624521+00:00" endTime="2023-02-16T00:09:21.4626280+00:00" testType="13cdc9d9-ddb5-4fa4-a97d-d965ccfc6d4b" outcome="Passed" testListId="8c84fa94-04c1-424b-9868-57a2d4851a1d" relativeResultsDirectory="3c93e516-d47b-4afd-a931-8c499e770f15" />
    <UnitTestResult executionId="e02314c1-5189-45dd-98c8-cc6be891a7b4" testId="02f4f9b3-7411-7015-1630-a4347cab1f06" testName="SimpleNumberCompare(3,2)" computerName="DESKTOP-PD528C3" duration="00:00:00.0007420" startTime="2023-02-16T00:09:21.4626442+00:00" endTime="2023-02-16T00:09:21.4633857+00:00" testType="13cdc9d9-ddb5-4fa4-a97d-d965ccfc6d4b" outcome="Failed" testListId="8c84fa94-04c1-424b-9868-57a2d4851a1d" relativeResultsDirectory="e02314c1-5189-45dd-98c8-cc6be891a7b4">
      <Output>
        <ErrorInfo>
          <Message>  Expected: 2
  But was:  3
</Message>
          <StackTrace>   at NUnitTestExample.Tests.SimpleNumberCompare(Int32 number, Int32 expectedNumber) in C:\Users\Utilizador\RiderProjects\TestSolution\NUnitTestExample\SimpleTest.cs:line 11
</StackTrace>
        </ErrorInfo>
      </Output>
    </UnitTestResult>
    <UnitTestResult executionId="16e86fe8-ae17-4bf9-adb5-a7215ddcf946" testId="7f050f7e-9deb-382b-cbb7-04e590385463" testName="SimpleNumberCompare(4,2)" computerName="DESKTOP-PD528C3" duration="00:00:00.0005370" startTime="2023-02-16T00:09:21.4633988+00:00" endTime="2023-02-16T00:09:21.4639352+00:00" testType="13cdc9d9-ddb5-4fa4-a97d-d965ccfc6d4b" outcome="Failed" testListId="8c84fa94-04c1-424b-9868-57a2d4851a1d" relativeResultsDirectory="16e86fe8-ae17-4bf9-adb5-a7215ddcf946">
      <Output>
        <ErrorInfo>
          <Message>  Expected: 2
  But was:  4
</Message>
          <StackTrace>   at NUnitTestExample.Tests.SimpleNumberCompare(Int32 number, Int32 expectedNumber) in C:\Users\Utilizador\RiderProjects\TestSolution\NUnitTestExample\SimpleTest.cs:line 11
</StackTrace>
        </ErrorInfo>
      </Output>
    </UnitTestResult>
  </Results>
  <TestDefinitions>
    <UnitTest name="SimpleNumberCompare(1,2)" storage="c:\users\utilizador\riderprojects\testsolution\nunittestexample\bin\debug\net6.0\nunittestexample.dll" id="7a19780d-e7f9-f73a-1dd5-32ab9aa81291">
      <Execution id="1b5ce067-7c4f-4dbd-9563-623a037e9536" />
      <TestMethod codeBase="C:\Users\Utilizador\RiderProjects\TestSolution\NUnitTestExample\bin\Debug\net6.0\NUnitTestExample.dll" adapterTypeName="executor://nunit3testexecutor/" className="NUnitTestExample.Tests" name="SimpleNumberCompare(1,2)" />
    </UnitTest>
    <UnitTest name="SimpleNumberCompare(2,2)" storage="c:\users\utilizador\riderprojects\testsolution\nunittestexample\bin\debug\net6.0\nunittestexample.dll" id="f2de63e1-a2e1-134a-f0aa-aa4933f801df">
      <Execution id="3c93e516-d47b-4afd-a931-8c499e770f15" />
      <TestMethod codeBase="C:\Users\Utilizador\RiderProjects\TestSolution\NUnitTestExample\bin\Debug\net6.0\NUnitTestExample.dll" adapterTypeName="executor://nunit3testexecutor/" className="NUnitTestExample.Tests" name="SimpleNumberCompare(2,2)" />
    </UnitTest>
    <UnitTest name="SimpleNumberCompare(4,2)" storage="c:\users\utilizador\riderprojects\testsolution\nunittestexample\bin\debug\net6.0\nunittestexample.dll" id="7f050f7e-9deb-382b-cbb7-04e590385463">
      <Execution id="16e86fe8-ae17-4bf9-adb5-a7215ddcf946" />
      <TestMethod codeBase="C:\Users\Utilizador\RiderProjects\TestSolution\NUnitTestExample\bin\Debug\net6.0\NUnitTestExample.dll" adapterTypeName="executor://nunit3testexecutor/" className="NUnitTestExample.Tests" name="SimpleNumberCompare(4,2)" />
    </UnitTest>
    <UnitTest name="SimpleStringCompare()" storage="c:\users\utilizador\riderprojects\testsolution\nunittestexample\bin\debug\net6.0\nunittestexample.dll" id="3ade358c-328b-c90b-7c97-c25ae8a92095">
      <Execution id="35991d57-7509-47c7-a261-14c09a52df23" />
      <TestMethod codeBase="C:\Users\Utilizador\RiderProjects\TestSolution\NUnitTestExample\bin\Debug\net6.0\NUnitTestExample.dll" adapterTypeName="executor://nunit3testexecutor/" className="NUnitTestExample.Tests" name="SimpleStringCompare()" />
    </UnitTest>
    <UnitTest name="SimpleNumberCompare(3,2)" storage="c:\users\utilizador\riderprojects\testsolution\nunittestexample\bin\debug\net6.0\nunittestexample.dll" id="02f4f9b3-7411-7015-1630-a4347cab1f06">
      <Execution id="e02314c1-5189-45dd-98c8-cc6be891a7b4" />
      <TestMethod codeBase="C:\Users\Utilizador\RiderProjects\TestSolution\NUnitTestExample\bin\Debug\net6.0\NUnitTestExample.dll" adapterTypeName="executor://nunit3testexecutor/" className="NUnitTestExample.Tests" name="SimpleNumberCompare(3,2)" />
    </UnitTest>
  </TestDefinitions>
  <TestEntries>
    <TestEntry testId="3ade358c-328b-c90b-7c97-c25ae8a92095" executionId="35991d57-7509-47c7-a261-14c09a52df23" testListId="8c84fa94-04c1-424b-9868-57a2d4851a1d" />
    <TestEntry testId="7a19780d-e7f9-f73a-1dd5-32ab9aa81291" executionId="1b5ce067-7c4f-4dbd-9563-623a037e9536" testListId="8c84fa94-04c1-424b-9868-57a2d4851a1d" />
    <TestEntry testId="f2de63e1-a2e1-134a-f0aa-aa4933f801df" executionId="3c93e516-d47b-4afd-a931-8c499e770f15" testListId="8c84fa94-04c1-424b-9868-57a2d4851a1d" />
    <TestEntry testId="02f4f9b3-7411-7015-1630-a4347cab1f06" executionId="e02314c1-5189-45dd-98c8-cc6be891a7b4" testListId="8c84fa94-04c1-424b-9868-57a2d4851a1d" />
    <TestEntry testId="7f050f7e-9deb-382b-cbb7-04e590385463" executionId="16e86fe8-ae17-4bf9-adb5-a7215ddcf946" testListId="8c84fa94-04c1-424b-9868-57a2d4851a1d" />
  </TestEntries>
  <TestLists>
    <TestList name="Results Not in a List" id="8c84fa94-04c1-424b-9868-57a2d4851a1d" />
    <TestList name="All Loaded Results" id="19431567-8539-422a-85d7-44ee4e166bda" />
  </TestLists>
  <ResultSummary outcome="Failed">
    <Counters total="5" executed="5" passed="1" failed="4" error="0" timeout="0" aborted="0" inconclusive="0" passedButRunAborted="0" notRunnable="0" notExecuted="0" disconnected="0" warning="0" completed="0" inProgress="0" pending="0" />
    <Output>
      <StdOut>NUnit Adapter 4.2.0.0: Test execution started
Running all tests in C:\Users\Utilizador\RiderProjects\TestSolution\NUnitTestExample\bin\Debug\net6.0\NUnitTestExample.dll
   NUnit3TestExecutor discovered 5 of 5 NUnit test cases using Current Discovery mode, Non-Explicit run
NUnit Adapter 4.2.0.0: Test execution complete
</StdOut>
    </Output>
  </ResultSummary>
</TestRun>