<?xml version="1.0" encoding="utf-8"?>
<TestRun id="b48e84c5-cbe0-4ae7-a24e-a0dd7e23cd03" name="TestUser@TestMachine 2023-02-16 00:03:01" runUser="TestMachine\TestUser">
  <Times creation="2023-02-16T00:03:01.7448116+00:00" queuing="2023-02-16T00:03:01.7448122+00:00" start="2023-02-16T00:03:00.4428917+00:00" finish="2023-02-16T00:03:01.7593802+00:00" />
  <TestSettings name="default" id="5a98bf45-c30c-4d67-9732-a028a22c259c">
    <Deployment runDeploymentRoot="TestUser_TestMachine_2023-02-16_00_03_01" />
  </TestSettings>
  <Results>
    <UnitTestResult executionId="277d6376-5ef9-45bf-afa2-e7db67947626" testId="35975987-dc30-5047-7602-26702335d963" testName="XUnitExample.My Test Class.My Test Method" computerName="TestMachine" duration="00:00:00.0035547" startTime="2023-02-16T00:03:01.6245853+00:00" endTime="2023-02-16T00:03:01.6245857+00:00" testType="13cdc9d9-ddb5-4fa4-a97d-d965ccfc6d4b" outcome="Failed" testListId="8c84fa94-04c1-424b-9868-57a2d4851a1d" relativeResultsDirectory="277d6376-5ef9-45bf-afa2-e7db67947626">
      <Output>
        <ErrorInfo>
          <Message>Assert.Equal() Failure
               ↓ (pos 5)
Expected: value
Actual:   value 2
               ↑ (pos 5)</Message>
          <StackTrace>   at XUnitExample.My Test Class.My Test Method() in C:\TestProject\XUnitExample\MyTestClass.cs:line 18</StackTrace>
        </ErrorInfo>
      </Output>
    </UnitTestResult>
  </Results>
  <TestDefinitions>
    <UnitTest name="XUnitExample.My Test Class.My Test Method" storage="c:\testproject\xunitexample\bin\debug\net6.0\xunitexample.dll" id="35975987-dc30-5047-7602-26702335d963">
      <Execution id="277d6376-5ef9-45bf-afa2-e7db67947626" />
      <TestMethod codeBase="C:\TestProject\XUnitExample\bin\Debug\net6.0\XUnitExample.dll" adapterTypeName="executor://xunit/VsTestRunner2/netcoreapp" className="XUnitExample.My Test Class" name="My Test Method" />
    </UnitTest>
  </TestDefinitions>
  <TestEntries>
    <TestEntry testId="35975987-dc30-5047-7602-26702335d963" executionId="277d6376-5ef9-45bf-afa2-e7db67947626" testListId="8c84fa94-04c1-424b-9868-57a2d4851a1d" />
  </TestEntries>
  <TestLists>
    <TestList name="Results Not in a List" id="8c84fa94-04c1-424b-9868-57a2d4851a1d" />
    <TestList name="All Loaded Results" id="19431567-8539-422a-85d7-44ee4e166bda" />
  </TestLists>
  <ResultSummary outcome="Failed">
    <Counters total="1" executed="1" passed="0" failed="1" error="0" timeout="0" aborted="0" inconclusive="0" passedButRunAborted="0" notRunnable="0" notExecuted="0" disconnected="0" warning="0" completed="0" inProgress="0" pending="0" />
  </ResultSummary>
</TestRun>
