<?xml version="1.0" encoding="utf-8"?>
<TestRun id="b48e84c5-cbe0-4ae7-a24e-a0dd7e23cd03" name="Utilizador@DESKTOP-PD528C3 2023-02-16 00:03:01" runUser="DESKTOP-PD528C3\Utilizador">
  <Times creation="2023-02-16T00:03:01.7448116+00:00" queuing="2023-02-16T00:03:01.7448122+00:00" start="2023-02-16T00:03:00.4428917+00:00" finish="2023-02-16T00:03:01.7593802+00:00" />
  <TestSettings name="default" id="5a98bf45-c30c-4d67-9732-a028a22c259c">
    <Deployment runDeploymentRoot="Utilizador_DESKTOP-PD528C3_2023-02-16_00_03_01" />
  </TestSettings>
  <Results>
    <UnitTestResult executionId="6adb8ef0-9e80-404a-849d-955014fd1425" testId="73cac9c4-fac5-0f2d-2b14-137e44c5fcad" testName="XUnitExample.SimpleTest.SimpleNumberCompare(number: 1, expectedNumber: 1)" computerName="DESKTOP-PD528C3" duration="00:00:00.0000032" startTime="2023-02-16T00:03:01.6003570+00:00" endTime="2023-02-16T00:03:01.6003570+00:00" testType="13cdc9d9-ddb5-4fa4-a97d-d965ccfc6d4b" outcome="Passed" testListId="8c84fa94-04c1-424b-9868-57a2d4851a1d" relativeResultsDirectory="6adb8ef0-9e80-404a-849d-955014fd1425" />
    <UnitTestResult executionId="e508b5f3-d034-4917-a488-60087b44ecd1" testId="201e301e-7bae-61dc-65c2-dad143a8349d" testName="XUnitExample.SimpleTest.SimpleNumberCompare(number: 4, expectedNumber: 4)" computerName="DESKTOP-PD528C3" duration="00:00:00.0000046" startTime="2023-02-16T00:03:01.6003313+00:00" endTime="2023-02-16T00:03:01.6003314+00:00" testType="13cdc9d9-ddb5-4fa4-a97d-d965ccfc6d4b" outcome="Passed" testListId="8c84fa94-04c1-424b-9868-57a2d4851a1d" relativeResultsDirectory="e508b5f3-d034-4917-a488-60087b44ecd1" />
    <UnitTestResult executionId="277d6376-5ef9-45bf-afa2-e7db67947626" testId="35975987-dc30-5047-7602-26702335d963" testName="XUnitExample.SimpleTest.SimpleStringCompare" computerName="DESKTOP-PD528C3" duration="00:00:00.0035547" startTime="2023-02-16T00:03:01.6245853+00:00" endTime="2023-02-16T00:03:01.6245857+00:00" testType="13cdc9d9-ddb5-4fa4-a97d-d965ccfc6d4b" outcome="Failed" testListId="8c84fa94-04c1-424b-9868-57a2d4851a1d" relativeResultsDirectory="277d6376-5ef9-45bf-afa2-e7db67947626">
      <Output>
        <ErrorInfo>
          <Message>Assert.Equal() Failure
               ↓ (pos 5)
Expected: value
Actual:   value 2
               ↑ (pos 5)</Message>
          <StackTrace>   at XUnitExample.SimpleTest.SimpleStringCompare() in C:\Users\Utilizador\RiderProjects\TestSolution\XUnitExample\SimpleTest.cs:line 18</StackTrace>
        </ErrorInfo>
      </Output>
    </UnitTestResult>
    <UnitTestResult executionId="f00a804a-95e5-4fb9-8c80-69e148bfac19" testId="546a6a6a-23a2-c3f2-4041-5dad0545dc54" testName="XUnitExample.SimpleTest.SimpleNumberCompare(number: 2, expectedNumber: 2)" computerName="DESKTOP-PD528C3" duration="00:00:00.0041801" startTime="2023-02-16T00:03:01.5963495+00:00" endTime="2023-02-16T00:03:01.5963754+00:00" testType="13cdc9d9-ddb5-4fa4-a97d-d965ccfc6d4b" outcome="Passed" testListId="8c84fa94-04c1-424b-9868-57a2d4851a1d" relativeResultsDirectory="f00a804a-95e5-4fb9-8c80-69e148bfac19" />
    <UnitTestResult executionId="57065a6d-b1ad-4f21-a60c-13a798b131e4" testId="dabdc48a-d4f3-d401-bc04-0ac76ec5e633" testName="XUnitExample.SimpleTest.SimpleNumberCompare(number: 3, expectedNumber: 3)" computerName="DESKTOP-PD528C3" duration="00:00:00.0000158" startTime="2023-02-16T00:03:01.6002853+00:00" endTime="2023-02-16T00:03:01.6002854+00:00" testType="13cdc9d9-ddb5-4fa4-a97d-d965ccfc6d4b" outcome="Passed" testListId="8c84fa94-04c1-424b-9868-57a2d4851a1d" relativeResultsDirectory="57065a6d-b1ad-4f21-a60c-13a798b131e4" />
  </Results>
  <TestDefinitions>
    <UnitTest name="XUnitExample.SimpleTest.SimpleStringCompare" storage="c:\users\utilizador\riderprojects\testsolution\xunitexample\bin\debug\net6.0\xunitexample.dll" id="35975987-dc30-5047-7602-26702335d963">
      <Execution id="277d6376-5ef9-45bf-afa2-e7db67947626" />
      <TestMethod codeBase="C:\Users\Utilizador\RiderProjects\TestSolution\XUnitExample\bin\Debug\net6.0\XUnitExample.dll" adapterTypeName="executor://xunit/VsTestRunner2/netcoreapp" className="XUnitExample.SimpleTest" name="SimpleStringCompare" />
    </UnitTest>
    <UnitTest name="XUnitExample.SimpleTest.SimpleNumberCompare(number: 3, expectedNumber: 3)" storage="c:\users\utilizador\riderprojects\testsolution\xunitexample\bin\debug\net6.0\xunitexample.dll" id="dabdc48a-d4f3-d401-bc04-0ac76ec5e633">
      <Execution id="57065a6d-b1ad-4f21-a60c-13a798b131e4" />
      <TestMethod codeBase="C:\Users\Utilizador\RiderProjects\TestSolution\XUnitExample\bin\Debug\net6.0\XUnitExample.dll" adapterTypeName="executor://xunit/VsTestRunner2/netcoreapp" className="XUnitExample.SimpleTest" name="SimpleNumberCompare" />
    </UnitTest>
    <UnitTest name="XUnitExample.SimpleTest.SimpleNumberCompare(number: 1, expectedNumber: 1)" storage="c:\users\utilizador\riderprojects\testsolution\xunitexample\bin\debug\net6.0\xunitexample.dll" id="73cac9c4-fac5-0f2d-2b14-137e44c5fcad">
      <Execution id="6adb8ef0-9e80-404a-849d-955014fd1425" />
      <TestMethod codeBase="C:\Users\Utilizador\RiderProjects\TestSolution\XUnitExample\bin\Debug\net6.0\XUnitExample.dll" adapterTypeName="executor://xunit/VsTestRunner2/netcoreapp" className="XUnitExample.SimpleTest" name="SimpleNumberCompare" />
    </UnitTest>
    <UnitTest name="XUnitExample.SimpleTest.SimpleNumberCompare(number: 2, expectedNumber: 2)" storage="c:\users\utilizador\riderprojects\testsolution\xunitexample\bin\debug\net6.0\xunitexample.dll" id="546a6a6a-23a2-c3f2-4041-5dad0545dc54">
      <Execution id="f00a804a-95e5-4fb9-8c80-69e148bfac19" />
      <TestMethod codeBase="C:\Users\Utilizador\RiderProjects\TestSolution\XUnitExample\bin\Debug\net6.0\XUnitExample.dll" adapterTypeName="executor://xunit/VsTestRunner2/netcoreapp" className="XUnitExample.SimpleTest" name="SimpleNumberCompare" />
    </UnitTest>
    <UnitTest name="XUnitExample.SimpleTest.SimpleNumberCompare(number: 4, expectedNumber: 4)" storage="c:\users\utilizador\riderprojects\testsolution\xunitexample\bin\debug\net6.0\xunitexample.dll" id="201e301e-7bae-61dc-65c2-dad143a8349d">
      <Execution id="e508b5f3-d034-4917-a488-60087b44ecd1" />
      <TestMethod codeBase="C:\Users\Utilizador\RiderProjects\TestSolution\XUnitExample\bin\Debug\net6.0\XUnitExample.dll" adapterTypeName="executor://xunit/VsTestRunner2/netcoreapp" className="XUnitExample.SimpleTest" name="SimpleNumberCompare" />
    </UnitTest>
  </TestDefinitions>
  <TestEntries>
    <TestEntry testId="73cac9c4-fac5-0f2d-2b14-137e44c5fcad" executionId="6adb8ef0-9e80-404a-849d-955014fd1425" testListId="8c84fa94-04c1-424b-9868-57a2d4851a1d" />
    <TestEntry testId="201e301e-7bae-61dc-65c2-dad143a8349d" executionId="e508b5f3-d034-4917-a488-60087b44ecd1" testListId="8c84fa94-04c1-424b-9868-57a2d4851a1d" />
    <TestEntry testId="35975987-dc30-5047-7602-26702335d963" executionId="277d6376-5ef9-45bf-afa2-e7db67947626" testListId="8c84fa94-04c1-424b-9868-57a2d4851a1d" />
    <TestEntry testId="546a6a6a-23a2-c3f2-4041-5dad0545dc54" executionId="f00a804a-95e5-4fb9-8c80-69e148bfac19" testListId="8c84fa94-04c1-424b-9868-57a2d4851a1d" />
    <TestEntry testId="dabdc48a-d4f3-d401-bc04-0ac76ec5e633" executionId="57065a6d-b1ad-4f21-a60c-13a798b131e4" testListId="8c84fa94-04c1-424b-9868-57a2d4851a1d" />
  </TestEntries>
  <TestLists>
    <TestList name="Results Not in a List" id="8c84fa94-04c1-424b-9868-57a2d4851a1d" />
    <TestList name="All Loaded Results" id="19431567-8539-422a-85d7-44ee4e166bda" />
  </TestLists>
  <ResultSummary outcome="Failed">
    <Counters total="5" executed="5" passed="4" failed="1" error="0" timeout="0" aborted="0" inconclusive="0" passedButRunAborted="0" notRunnable="0" notExecuted="0" disconnected="0" warning="0" completed="0" inProgress="0" pending="0" />
    <Output>
      <StdOut>[xUnit.net 00:00:00.00] xUnit.net VSTest Adapter v2.4.3+1b45f5407b (64-bit .NET 6.0.14)
[xUnit.net 00:00:00.45]   Discovering: XUnitExample
[xUnit.net 00:00:00.50]   Discovered:  XUnitExample
[xUnit.net 00:00:00.51]   Starting:    XUnitExample
[xUnit.net 00:00:00.59]       Assert.Equal() Failure
[xUnit.net 00:00:00.59]                      ↓ (pos 5)
[xUnit.net 00:00:00.59]       Expected: value
[xUnit.net 00:00:00.59]       Actual:   value 2
[xUnit.net 00:00:00.59]                      ↑ (pos 5)
[xUnit.net 00:00:00.59]       Stack Trace:
[xUnit.net 00:00:00.60]         C:\Users\Utilizador\RiderProjects\TestSolution\XUnitExample\SimpleTest.cs(18,0): at XUnitExample.SimpleTest.SimpleStringCompare()
[xUnit.net 00:00:00.60]   Finished:    XUnitExample
</StdOut>
    </Output>
    <RunInfos>
      <RunInfo computerName="DESKTOP-PD528C3" outcome="Error" timestamp="2023-02-16T00:03:01.6194546+00:00">
        <Text>[xUnit.net 00:00:00.59]     XUnitExample.SimpleTest.SimpleStringCompare [FAIL]</Text>
      </RunInfo>
    </RunInfos>
  </ResultSummary>
</TestRun>