<?xml version="1.0" encoding="utf-8"?>
<TestRun id="96989867-33c1-4d29-82ae-6f0bf2df3b48" name="Utilizador@DESKTOP-PD528C3 2023-02-16 00:03:56" runUser="DESKTOP-PD528C3\Utilizador">
  <Times creation="2023-02-16T00:03:56.6322439+00:00" queuing="2023-02-16T00:03:56.6322442+00:00" start="2023-02-16T00:03:55.4529453+00:00" finish="2023-02-16T00:03:56.6433135+00:00" />
  <TestSettings name="default" id="ba5919ab-2f6f-41ae-bad7-d58f25e18946">
    <Deployment runDeploymentRoot="Utilizador_DESKTOP-PD528C3_2023-02-16_00_03_56" />
  </TestSettings>
  <Results>
    <UnitTestResult executionId="a0868ef8-d250-4e29-a7f5-f341289bce54" testId="201e301e-7bae-61dc-65c2-dad143a8349d" testName="XUnitExample.SimpleTest.SimpleNumberCompare(number: 4, expectedNumber: 4)" computerName="DESKTOP-PD528C3" duration="00:00:00.0000044" startTime="2023-02-16T00:03:56.5144128+00:00" endTime="2023-02-16T00:03:56.5144129+00:00" testType="13cdc9d9-ddb5-4fa4-a97d-d965ccfc6d4b" outcome="Passed" testListId="8c84fa94-04c1-424b-9868-57a2d4851a1d" relativeResultsDirectory="a0868ef8-d250-4e29-a7f5-f341289bce54" />
    <UnitTestResult executionId="a6ecdf7d-bc7f-49e0-a31b-5bda7cecfb9b" testId="dabdc48a-d4f3-d401-bc04-0ac76ec5e633" testName="XUnitExample.SimpleTest.SimpleNumberCompare(number: 3, expectedNumber: 3)" computerName="DESKTOP-PD528C3" duration="00:00:00.0000169" startTime="2023-02-16T00:03:56.5143653+00:00" endTime="2023-02-16T00:03:56.5143653+00:00" testType="13cdc9d9-ddb5-4fa4-a97d-d965ccfc6d4b" outcome="Passed" testListId="8c84fa94-04c1-424b-9868-57a2d4851a1d" relativeResultsDirectory="a6ecdf7d-bc7f-49e0-a31b-5bda7cecfb9b" />
    <UnitTestResult executionId="e56cb1d8-b710-452e-a09a-94d3ddffa3cc" testId="35975987-dc30-5047-7602-26702335d963" testName="XUnitExample.SimpleTest.SimpleStringCompare" computerName="DESKTOP-PD528C3" duration="00:00:00.0005446" startTime="2023-02-16T00:03:56.5144751+00:00" endTime="2023-02-16T00:03:56.5144751+00:00" testType="13cdc9d9-ddb5-4fa4-a97d-d965ccfc6d4b" outcome="Passed" testListId="8c84fa94-04c1-424b-9868-57a2d4851a1d" relativeResultsDirectory="e56cb1d8-b710-452e-a09a-94d3ddffa3cc" />
    <UnitTestResult executionId="f529593a-0fb4-4dad-9dff-aebd6b91b441" testId="73cac9c4-fac5-0f2d-2b14-137e44c5fcad" testName="XUnitExample.SimpleTest.SimpleNumberCompare(number: 1, expectedNumber: 1)" computerName="DESKTOP-PD528C3" duration="00:00:00.0000031" startTime="2023-02-16T00:03:56.5144379+00:00" endTime="2023-02-16T00:03:56.5144379+00:00" testType="13cdc9d9-ddb5-4fa4-a97d-d965ccfc6d4b" outcome="Passed" testListId="8c84fa94-04c1-424b-9868-57a2d4851a1d" relativeResultsDirectory="f529593a-0fb4-4dad-9dff-aebd6b91b441" />
    <UnitTestResult executionId="0642b920-c30b-469c-b4a1-71a3e4099493" testId="546a6a6a-23a2-c3f2-4041-5dad0545dc54" testName="XUnitExample.SimpleTest.SimpleNumberCompare(number: 2, expectedNumber: 2)" computerName="DESKTOP-PD528C3" duration="00:00:00.0037958" startTime="2023-02-16T00:03:56.5105409+00:00" endTime="2023-02-16T00:03:56.5105621+00:00" testType="13cdc9d9-ddb5-4fa4-a97d-d965ccfc6d4b" outcome="Passed" testListId="8c84fa94-04c1-424b-9868-57a2d4851a1d" relativeResultsDirectory="0642b920-c30b-469c-b4a1-71a3e4099493" />
  </Results>
  <TestDefinitions>
    <UnitTest name="XUnitExample.SimpleTest.SimpleStringCompare" storage="c:\users\utilizador\riderprojects\testsolution\xunitexample\bin\debug\net6.0\xunitexample.dll" id="35975987-dc30-5047-7602-26702335d963">
      <Execution id="e56cb1d8-b710-452e-a09a-94d3ddffa3cc" />
      <TestMethod codeBase="C:\Users\Utilizador\RiderProjects\TestSolution\XUnitExample\bin\Debug\net6.0\XUnitExample.dll" adapterTypeName="executor://xunit/VsTestRunner2/netcoreapp" className="XUnitExample.SimpleTest" name="SimpleStringCompare" />
    </UnitTest>
    <UnitTest name="XUnitExample.SimpleTest.SimpleNumberCompare(number: 3, expectedNumber: 3)" storage="c:\users\utilizador\riderprojects\testsolution\xunitexample\bin\debug\net6.0\xunitexample.dll" id="dabdc48a-d4f3-d401-bc04-0ac76ec5e633">
      <Execution id="a6ecdf7d-bc7f-49e0-a31b-5bda7cecfb9b" />
      <TestMethod codeBase="C:\Users\Utilizador\RiderProjects\TestSolution\XUnitExample\bin\Debug\net6.0\XUnitExample.dll" adapterTypeName="executor://xunit/VsTestRunner2/netcoreapp" className="XUnitExample.SimpleTest" name="SimpleNumberCompare" />
    </UnitTest>
    <UnitTest name="XUnitExample.SimpleTest.SimpleNumberCompare(number: 1, expectedNumber: 1)" storage="c:\users\utilizador\riderprojects\testsolution\xunitexample\bin\debug\net6.0\xunitexample.dll" id="73cac9c4-fac5-0f2d-2b14-137e44c5fcad">
      <Execution id="f529593a-0fb4-4dad-9dff-aebd6b91b441" />
      <TestMethod codeBase="C:\Users\Utilizador\RiderProjects\TestSolution\XUnitExample\bin\Debug\net6.0\XUnitExample.dll" adapterTypeName="executor://xunit/VsTestRunner2/netcoreapp" className="XUnitExample.SimpleTest" name="SimpleNumberCompare" />
    </UnitTest>
    <UnitTest name="XUnitExample.SimpleTest.SimpleNumberCompare(number: 2, expectedNumber: 2)" storage="c:\users\utilizador\riderprojects\testsolution\xunitexample\bin\debug\net6.0\xunitexample.dll" id="546a6a6a-23a2-c3f2-4041-5dad0545dc54">
      <Execution id="0642b920-c30b-469c-b4a1-71a3e4099493" />
      <TestMethod codeBase="C:\Users\Utilizador\RiderProjects\TestSolution\XUnitExample\bin\Debug\net6.0\XUnitExample.dll" adapterTypeName="executor://xunit/VsTestRunner2/netcoreapp" className="XUnitExample.SimpleTest" name="SimpleNumberCompare" />
    </UnitTest>
    <UnitTest name="XUnitExample.SimpleTest.SimpleNumberCompare(number: 4, expectedNumber: 4)" storage="c:\users\utilizador\riderprojects\testsolution\xunitexample\bin\debug\net6.0\xunitexample.dll" id="201e301e-7bae-61dc-65c2-dad143a8349d">
      <Execution id="a0868ef8-d250-4e29-a7f5-f341289bce54" />
      <TestMethod codeBase="C:\Users\Utilizador\RiderProjects\TestSolution\XUnitExample\bin\Debug\net6.0\XUnitExample.dll" adapterTypeName="executor://xunit/VsTestRunner2/netcoreapp" className="XUnitExample.SimpleTest" name="SimpleNumberCompare" />
    </UnitTest>
  </TestDefinitions>
  <TestEntries>
    <TestEntry testId="201e301e-7bae-61dc-65c2-dad143a8349d" executionId="a0868ef8-d250-4e29-a7f5-f341289bce54" testListId="8c84fa94-04c1-424b-9868-57a2d4851a1d" />
    <TestEntry testId="dabdc48a-d4f3-d401-bc04-0ac76ec5e633" executionId="a6ecdf7d-bc7f-49e0-a31b-5bda7cecfb9b" testListId="8c84fa94-04c1-424b-9868-57a2d4851a1d" />
    <TestEntry testId="35975987-dc30-5047-7602-26702335d963" executionId="e56cb1d8-b710-452e-a09a-94d3ddffa3cc" testListId="8c84fa94-04c1-424b-9868-57a2d4851a1d" />
    <TestEntry testId="73cac9c4-fac5-0f2d-2b14-137e44c5fcad" executionId="f529593a-0fb4-4dad-9dff-aebd6b91b441" testListId="8c84fa94-04c1-424b-9868-57a2d4851a1d" />
    <TestEntry testId="546a6a6a-23a2-c3f2-4041-5dad0545dc54" executionId="0642b920-c30b-469c-b4a1-71a3e4099493" testListId="8c84fa94-04c1-424b-9868-57a2d4851a1d" />
  </TestEntries>
  <TestLists>
    <TestList name="Results Not in a List" id="8c84fa94-04c1-424b-9868-57a2d4851a1d" />
    <TestList name="All Loaded Results" id="19431567-8539-422a-85d7-44ee4e166bda" />
  </TestLists>
  <ResultSummary outcome="Completed">
    <Counters total="5" executed="5" passed="5" failed="0" error="0" timeout="0" aborted="0" inconclusive="0" passedButRunAborted="0" notRunnable="0" notExecuted="0" disconnected="0" warning="0" completed="0" inProgress="0" pending="0" />
    <Output>
      <StdOut>[xUnit.net 00:00:00.00] xUnit.net VSTest Adapter v2.4.3+1b45f5407b (64-bit .NET 6.0.14)
[xUnit.net 00:00:00.42]   Discovering: XUnitExample
[xUnit.net 00:00:00.48]   Discovered:  XUnitExample
[xUnit.net 00:00:00.48]   Starting:    XUnitExample
[xUnit.net 00:00:00.55]   Finished:    XUnitExample
</StdOut>
    </Output>
  </ResultSummary>
</TestRun>